build/app/intermediates/manifest_merge_blame_file/release/manifest-merger-blame-release-report.txt
1<?xml version="1.0" encoding="utf-8"?>
2<manifest xmlns:android="http://schemas.android.com/apk/res/android"
3    package="com.example.guvenlekirala"
4    android:versionCode="1"
5    android:versionName="1.0.0" >
6
7    <uses-sdk
8        android:minSdkVersion="19"
8-->src\main\AndroidManifest.xml
9        android:targetSdkVersion="33" />
9-->src\main\AndroidManifest.xml
10
11    <uses-permission android:name="android.permission.CAMERA" />
11-->src\main\AndroidManifest.xml:3:5-65
11-->src\main\AndroidManifest.xml:3:22-62
12    <uses-permission android:name="android.permission.READ_EXTERNAL_STORAGE" />
12-->src\main\AndroidManifest.xml:4:5-80
12-->src\main\AndroidManifest.xml:4:22-77
13    <!-- Although the *SdkVersion is captured in gradle build files, this is required for non gradle builds -->
14    <!-- <uses-sdk android:minSdkVersion="14"/> -->
15    <uses-permission android:name="android.permission.ACCESS_NETWORK_STATE" />
15-->[com.google.firebase:firebase-storage:20.1.0] AndroidManifest.xml:25:5-79
15-->[com.google.firebase:firebase-storage:20.1.0] AndroidManifest.xml:25:22-76
16    <uses-permission android:name="android.permission.INTERNET" />
16-->[com.google.firebase:firebase-storage:20.1.0] AndroidManifest.xml:26:5-67
16-->[com.google.firebase:firebase-storage:20.1.0] AndroidManifest.xml:26:22-64
17    <uses-permission android:name="android.permission.WAKE_LOCK" />
17-->[com.google.android.gms:play-services-measurement-api:21.2.1] AndroidManifest.xml:24:5-68
17-->[com.google.android.gms:play-services-measurement-api:21.2.1] AndroidManifest.xml:24:22-65
18    <uses-permission android:name="com.google.android.gms.permission.AD_ID" />
18-->[com.google.android.gms:play-services-measurement-api:21.2.1] AndroidManifest.xml:25:5-79
18-->[com.google.android.gms:play-services-measurement-api:21.2.1] AndroidManifest.xml:25:22-76
19    <uses-permission android:name="com.google.android.finsky.permission.BIND_GET_INSTALL_REFERRER_SERVICE" />
19-->[com.google.android.gms:play-services-measurement:21.2.1] AndroidManifest.xml:26:5-110
19-->[com.google.android.gms:play-services-measurement:21.2.1] AndroidManifest.xml:26:22-107
20
21    <permission
21-->[androidx.core:core:1.9.0] AndroidManifest.xml:22:5-24:47
22        android:name="com.example.guvenlekirala.DYNAMIC_RECEIVER_NOT_EXPORTED_PERMISSION"
22-->[androidx.core:core:1.9.0] AndroidManifest.xml:23:9-81
23        android:protectionLevel="signature" />
23-->[androidx.core:core:1.9.0] AndroidManifest.xml:24:9-44
24
25    <uses-permission android:name="com.example.guvenlekirala.DYNAMIC_RECEIVER_NOT_EXPORTED_PERMISSION" />
25-->[androidx.core:core:1.9.0] AndroidManifest.xml:26:5-97
25-->[androidx.core:core:1.9.0] AndroidManifest.xml:26:22-94
26
27    <application
28        android:name="android.app.Application"
28-->src\main\AndroidManifest.xml:7:9-42
29        android:appComponentFactory="androidx.core.app.CoreComponentFactory"
29-->[androidx.core:core:1.9.0] AndroidManifest.xml:28:18-86
30        android:icon="@mipmap/ic_launcher"
30-->src\main\AndroidManifest.xml:8:9-43
31        android:label="guvenlekirala" >
31-->src\main\AndroidManifest.xml:6:9-38
32        <activity
32-->src\main\AndroidManifest.xml:9:9-29:20
33            android:name="com.example.guvenlekirala.MainActivity"
33-->src\main\AndroidManifest.xml:10:13-41
34            android:configChanges="orientation|keyboardHidden|keyboard|screenSize|smallestScreenSize|locale|layoutDirection|fontScale|screenLayout|density|uiMode"
34-->src\main\AndroidManifest.xml:14:13-163
35            android:exported="true"
35-->src\main\AndroidManifest.xml:11:13-36
36            android:hardwareAccelerated="true"
36-->src\main\AndroidManifest.xml:15:13-47
37            android:launchMode="singleTop"
37-->src\main\AndroidManifest.xml:12:13-43
38            android:theme="@style/LaunchTheme"
38-->src\main\AndroidManifest.xml:13:13-47
39            android:windowSoftInputMode="adjustResize" >
39-->src\main\AndroidManifest.xml:16:13-55
40
41            <!--
42                 Specifies an Android theme to apply to this Activity as soon as
43                 the Android process has started. This theme is visible to the user
44                 while the Flutter UI initializes. After that, this theme continues
45                 to determine the Window background behind the Flutter UI.
46            -->
47            <meta-data
47-->src\main\AndroidManifest.xml:21:13-24:17
48                android:name="io.flutter.embedding.android.NormalTheme"
48-->src\main\AndroidManifest.xml:22:15-70
49                android:resource="@style/NormalTheme" />
49-->src\main\AndroidManifest.xml:23:15-52
50
51            <intent-filter>
51-->src\main\AndroidManifest.xml:25:13-28:29
52                <action android:name="android.intent.action.MAIN" />
52-->src\main\AndroidManifest.xml:26:17-68
52-->src\main\AndroidManifest.xml:26:25-66
53
54                <category android:name="android.intent.category.LAUNCHER" />
54-->src\main\AndroidManifest.xml:27:17-76
54-->src\main\AndroidManifest.xml:27:27-74
55            </intent-filter>
56        </activity>
57        <!--
58             Don't delete the meta-data below.
59             This is used by the Flutter tool to generate GeneratedPluginRegistrant.java
60        -->
61        <meta-data
61-->src\main\AndroidManifest.xml:32:9-34:33
62            android:name="flutterEmbedding"
62-->src\main\AndroidManifest.xml:33:13-44
63            android:value="2" />
63-->src\main\AndroidManifest.xml:34:13-30
64
65        <service
65-->[:firebase_storage] AndroidManifest.xml:10:9-14:19
66            android:name="com.google.firebase.components.ComponentDiscoveryService"
66-->[:firebase_storage] AndroidManifest.xml:10:18-89
67            android:directBootAware="true"
67-->[com.google.firebase:firebase-common:20.3.2] AndroidManifest.xml:34:13-43
68            android:exported="false" >
68-->[com.google.firebase:firebase-analytics-ktx:21.2.1] AndroidManifest.xml:10:13-37
69            <meta-data
69-->[:firebase_storage] AndroidManifest.xml:11:13-13:85
70                android:name="com.google.firebase.components:io.flutter.plugins.firebase.storage.FlutterFirebaseAppRegistrar"
70-->[:firebase_storage] AndroidManifest.xml:12:17-126
71                android:value="com.google.firebase.components.ComponentRegistrar" />
71-->[:firebase_storage] AndroidManifest.xml:13:17-82
72            <meta-data
72-->[:cloud_firestore] AndroidManifest.xml:11:13-13:85
73                android:name="com.google.firebase.components:io.flutter.plugins.firebase.firestore.FlutterFirebaseFirestoreRegistrar"
73-->[:cloud_firestore] AndroidManifest.xml:12:17-134
74                android:value="com.google.firebase.components.ComponentRegistrar" />
74-->[:cloud_firestore] AndroidManifest.xml:13:17-82
75            <meta-data
75-->[:firebase_core] AndroidManifest.xml:11:13-13:85
76                android:name="com.google.firebase.components:io.flutter.plugins.firebase.core.FlutterFirebaseCoreRegistrar"
76-->[:firebase_core] AndroidManifest.xml:12:17-124
77                android:value="com.google.firebase.components.ComponentRegistrar" />
77-->[:firebase_core] AndroidManifest.xml:13:17-82
78            <meta-data
78-->[com.google.firebase:firebase-analytics-ktx:21.2.1] AndroidManifest.xml:11:13-13:85
79                android:name="com.google.firebase.components:com.google.firebase.analytics.ktx.FirebaseAnalyticsKtxRegistrar"
79-->[com.google.firebase:firebase-analytics-ktx:21.2.1] AndroidManifest.xml:12:17-126
80                android:value="com.google.firebase.components.ComponentRegistrar" />
80-->[com.google.firebase:firebase-analytics-ktx:21.2.1] AndroidManifest.xml:13:17-82
81            <meta-data
81-->[com.google.firebase:firebase-common-ktx:20.3.2] AndroidManifest.xml:14:13-16:85
82                android:name="com.google.firebase.components:com.google.firebase.ktx.FirebaseCommonKtxRegistrar"
82-->[com.google.firebase:firebase-common-ktx:20.3.2] AndroidManifest.xml:15:17-113
83                android:value="com.google.firebase.components.ComponentRegistrar" />
83-->[com.google.firebase:firebase-common-ktx:20.3.2] AndroidManifest.xml:16:17-82
84            <meta-data
84-->[com.google.firebase:firebase-storage:20.1.0] AndroidManifest.xml:32:13-34:85
85                android:name="com.google.firebase.components:com.google.firebase.storage.StorageRegistrar"
85-->[com.google.firebase:firebase-storage:20.1.0] AndroidManifest.xml:33:17-107
86                android:value="com.google.firebase.components.ComponentRegistrar" />
86-->[com.google.firebase:firebase-storage:20.1.0] AndroidManifest.xml:34:17-82
87            <meta-data
87-->[com.google.firebase:firebase-firestore:24.4.5] AndroidManifest.xml:19:13-21:85
88                android:name="com.google.firebase.components:com.google.firebase.firestore.FirestoreRegistrar"
88-->[com.google.firebase:firebase-firestore:24.4.5] AndroidManifest.xml:20:17-111
89                android:value="com.google.firebase.components.ComponentRegistrar" />
89-->[com.google.firebase:firebase-firestore:24.4.5] AndroidManifest.xml:21:17-82
90            <meta-data
90-->[com.google.android.gms:play-services-measurement-api:21.2.1] AndroidManifest.xml:31:13-33:85
91                android:name="com.google.firebase.components:com.google.firebase.analytics.connector.internal.AnalyticsConnectorRegistrar"
91-->[com.google.android.gms:play-services-measurement-api:21.2.1] AndroidManifest.xml:32:17-139
92                android:value="com.google.firebase.components.ComponentRegistrar" />
92-->[com.google.android.gms:play-services-measurement-api:21.2.1] AndroidManifest.xml:33:17-82
93            <meta-data
93-->[com.google.firebase:firebase-installations:17.1.3] AndroidManifest.xml:17:13-19:85
94                android:name="com.google.firebase.components:com.google.firebase.installations.FirebaseInstallationsRegistrar"
94-->[com.google.firebase:firebase-installations:17.1.3] AndroidManifest.xml:18:17-127
95                android:value="com.google.firebase.components.ComponentRegistrar" />
95-->[com.google.firebase:firebase-installations:17.1.3] AndroidManifest.xml:19:17-82
96        </service>
97
98        <provider
98-->[:image_picker_android] AndroidManifest.xml:10:9-18:20
99            android:name="io.flutter.plugins.imagepicker.ImagePickerFileProvider"
99-->[:image_picker_android] AndroidManifest.xml:11:13-82
100            android:authorities="com.example.guvenlekirala.flutter.image_provider"
100-->[:image_picker_android] AndroidManifest.xml:12:13-74
101            android:exported="false"
101-->[:image_picker_android] AndroidManifest.xml:13:13-37
102            android:grantUriPermissions="true" >
102-->[:image_picker_android] AndroidManifest.xml:14:13-47
103            <meta-data
103-->[:image_picker_android] AndroidManifest.xml:15:13-17:75
104                android:name="android.support.FILE_PROVIDER_PATHS"
104-->[:image_picker_android] AndroidManifest.xml:16:17-67
105                android:resource="@xml/flutter_image_picker_file_paths" />
105-->[:image_picker_android] AndroidManifest.xml:17:17-72
106        </provider>
107        <provider
107-->[com.google.firebase:firebase-common:20.3.2] AndroidManifest.xml:25:9-30:39
108            android:name="com.google.firebase.provider.FirebaseInitProvider"
108-->[com.google.firebase:firebase-common:20.3.2] AndroidManifest.xml:26:13-77
109            android:authorities="com.example.guvenlekirala.firebaseinitprovider"
109-->[com.google.firebase:firebase-common:20.3.2] AndroidManifest.xml:27:13-72
110            android:directBootAware="true"
110-->[com.google.firebase:firebase-common:20.3.2] AndroidManifest.xml:28:13-43
111            android:exported="false"
111-->[com.google.firebase:firebase-common:20.3.2] AndroidManifest.xml:29:13-37
112            android:initOrder="100" />
112-->[com.google.firebase:firebase-common:20.3.2] AndroidManifest.xml:30:13-36
113
114        <activity
114-->[com.google.android.gms:play-services-base:18.0.1] AndroidManifest.xml:20:9-22:45
115            android:name="com.google.android.gms.common.api.GoogleApiActivity"
115-->[com.google.android.gms:play-services-base:18.0.1] AndroidManifest.xml:20:19-85
116            android:exported="false"
116-->[com.google.android.gms:play-services-base:18.0.1] AndroidManifest.xml:22:19-43
117            android:theme="@android:style/Theme.Translucent.NoTitleBar" />
117-->[com.google.android.gms:play-services-base:18.0.1] AndroidManifest.xml:21:19-78
118
119        <receiver
119-->[com.google.android.gms:play-services-measurement:21.2.1] AndroidManifest.xml:29:9-33:20
120            android:name="com.google.android.gms.measurement.AppMeasurementReceiver"
120-->[com.google.android.gms:play-services-measurement:21.2.1] AndroidManifest.xml:30:13-85
121            android:enabled="true"
121-->[com.google.android.gms:play-services-measurement:21.2.1] AndroidManifest.xml:31:13-35
122            android:exported="false" >
122-->[com.google.android.gms:play-services-measurement:21.2.1] AndroidManifest.xml:32:13-37
123        </receiver>
124
125        <service
125-->[com.google.android.gms:play-services-measurement:21.2.1] AndroidManifest.xml:35:9-38:40
126            android:name="com.google.android.gms.measurement.AppMeasurementService"
126-->[com.google.android.gms:play-services-measurement:21.2.1] AndroidManifest.xml:36:13-84
127            android:enabled="true"
127-->[com.google.android.gms:play-services-measurement:21.2.1] AndroidManifest.xml:37:13-35
128            android:exported="false" />
128-->[com.google.android.gms:play-services-measurement:21.2.1] AndroidManifest.xml:38:13-37
129        <service
129-->[com.google.android.gms:play-services-measurement:21.2.1] AndroidManifest.xml:39:9-43:72
130            android:name="com.google.android.gms.measurement.AppMeasurementJobService"
130-->[com.google.android.gms:play-services-measurement:21.2.1] AndroidManifest.xml:40:13-87
131            android:enabled="true"
131-->[com.google.android.gms:play-services-measurement:21.2.1] AndroidManifest.xml:41:13-35
132            android:exported="false"
132-->[com.google.android.gms:play-services-measurement:21.2.1] AndroidManifest.xml:42:13-37
133            android:permission="android.permission.BIND_JOB_SERVICE" />
133-->[com.google.android.gms:play-services-measurement:21.2.1] AndroidManifest.xml:43:13-69
134
135        <meta-data
135-->[com.google.android.gms:play-services-basement:18.1.0] AndroidManifest.xml:21:9-23:69
136            android:name="com.google.android.gms.version"
136-->[com.google.android.gms:play-services-basement:18.1.0] AndroidManifest.xml:22:13-58
137            android:value="@integer/google_play_services_version" />
137-->[com.google.android.gms:play-services-basement:18.1.0] AndroidManifest.xml:23:13-66
138
139        <uses-library
139-->[androidx.window:window:1.0.0-beta04] AndroidManifest.xml:25:9-27:40
140            android:name="androidx.window.extensions"
140-->[androidx.window:window:1.0.0-beta04] AndroidManifest.xml:26:13-54
141            android:required="false" />
141-->[androidx.window:window:1.0.0-beta04] AndroidManifest.xml:27:13-37
142        <uses-library
142-->[androidx.window:window:1.0.0-beta04] AndroidManifest.xml:28:9-30:40
143            android:name="androidx.window.sidecar"
143-->[androidx.window:window:1.0.0-beta04] AndroidManifest.xml:29:13-51
144            android:required="false" />
144-->[androidx.window:window:1.0.0-beta04] AndroidManifest.xml:30:13-37
145    </application>
146
147</manifest>